<?xml version="1.0" encoding="UTF-8"?>
<!-- Generated by org.testng.reporters.JUnitReportReporter -->
<testsuite hostname="Rizwan" failures="0" tests="2" name="FormSubmission" time="0.016" errors="0" timestamp="2021-09-26T11:38:00 IST" skipped="0">
  <testcase classname="FormSubmission" name="printHello" time="0.014"/>
  <system-out/>
  <testcase classname="FormSubmission" name="printHello2" time="0.002"/>
  <system-out/>
</testsuite> <!-- FormSubmission -->
