<?xml version="1.0" encoding="UTF-8"?>
<!-- Generated by org.testng.reporters.JUnitReportReporter -->
<testsuite hostname="Rizwan" failures="0" tests="1" name="Annotions" time="0.009" errors="0" timestamp="2021-09-26T12:54:10 IST" skipped="0">
  <testcase classname="Annotions" name="testCase1" time="0.009"/>
  <system-out/>
</testsuite> <!-- Annotions -->
