<?xml version="1.0" encoding="UTF-8"?>
<!-- Generated by org.testng.reporters.JUnitReportReporter -->
<testsuite hostname="Rizwan" failures="0" tests="1" name="Login" time="6.124" errors="0" timestamp="2021-10-02T12:12:04 IST" skipped="0">
  <testcase classname="Login" name="PositiveLogin" time="6.124"/>
  <system-out/>
</testsuite> <!-- Login -->
