<?xml version="1.0" encoding="UTF-8"?>
<!-- Generated by org.testng.reporters.JUnitReportReporter -->
<testsuite hostname="Rizwan" failures="0" tests="2" name="Login" time="10.340" errors="0" timestamp="2021-09-26T12:52:50 IST" skipped="0">
  <testcase classname="Login" name="PositiveLogin" time="6.830"/>
  <system-out/>
  <testcase classname="Login" name="NegativeLogin" time="3.510"/>
  <system-out/>
</testsuite> <!-- Login -->
